#
# There is insufficient memory for the Java Runtime Environment to continue.
# Native memory allocation (malloc) failed to allocate 32744 bytes for ChunkPool::allocate
# Possible reasons:
#   The system is out of physical RAM or swap space
#   In 32 bit mode, the process size limit was hit
# Possible solutions:
#   Reduce memory load on the system
#   Increase physical memory or swap space
#   Check if swap backing store is full
#   Use 64 bit Java on a 64 bit OS
#   Decrease Java heap size (-Xmx/-Xms)
#   Decrease number of Java threads
#   Decrease Java thread stack sizes (-Xss)
#   Set larger code cache with -XX:ReservedCodeCacheSize=
# This output file may be truncated or incomplete.
#
#  Out of Memory Error (allocation.cpp:273), pid=23864, tid=0x0000000000005d34
#
# JRE version: Java(TM) SE Runtime Environment (8.0_161-b12) (build 1.8.0_161-b12)
# Java VM: Java HotSpot(TM) 64-Bit Server VM (25.161-b12 mixed mode windows-amd64 compressed oops)
# Failed to write core dump. Minidumps are not enabled by default on client versions of Windows
#

---------------  T H R E A D  ---------------

Current thread (0x000000001eb7a000):  JavaThread "ThreadedStreamConsumer" daemon [_thread_in_vm, id=23860, stack(0x0000000023c50000,0x0000000023d50000)]

Stack: [0x0000000023c50000,0x0000000023d50000]
[error occurred during error reporting (printing stack bounds), id 0xc0000005]

Native frames: (J=compiled Java code, j=interpreted, Vv=VM code, C=native code)

Java frames: (J=compiled Java code, j=interpreted, Vv=VM code)
J 750  java.lang.System.identityHashCode(Ljava/lang/Object;)I (0 bytes) @ 0x000000000326f192 [0x000000000326f140+0x52]
J 2990 C2 java.util.IdentityHashMap.put(Ljava/lang/Object;Ljava/lang/Object;)Ljava/lang/Object; (137 bytes) @ 0x00000000039c86b8 [0x00000000039c8500+0x1b8]
j  java.util.Collections$SetFromMap.add(Ljava/lang/Object;)Z+8
j  java.lang.Throwable.printStackTrace(Ljava/lang/Throwable$PrintStreamOrWriter;)V+13
j  java.lang.Throwable.printStackTrace(Ljava/io/PrintWriter;)V+9
j  org.apache.maven.surefire.util.internal.DumpFileUtils.dumpException(Ljava/lang/Throwable;Ljava/lang/String;Ljava/io/File;)V+63
j  org.apache.maven.plugin.surefire.booterclient.output.InPluginProcessDumpSingleton.dumpStreamException(Ljava/lang/Throwable;Ljava/lang/String;Ljava/io/File;I)Ljava/io/File;+21
j  org.apache.maven.plugin.surefire.booterclient.output.ForkClient.logStreamWarning(Ljava/lang/Throwable;Ljava/lang/String;)V+144
j  org.apache.maven.plugin.surefire.booterclient.output.ForkClient.processLine(Ljava/lang/String;)V+16
j  org.apache.maven.plugin.surefire.booterclient.output.ForkClient.consumeLine(Ljava/lang/String;)V+9
j  org.apache.maven.plugin.surefire.booterclient.output.ThreadedStreamConsumer$Pumper.run()V+46
j  java.lang.Thread.run()V+11
v  ~StubRoutines::call_stub

---------------  P R O C E S S  ---------------

Java Threads: ( => current thread )
  0x000000001d661800 JavaThread "Thread-5" [_thread_in_native, id=1336, stack(0x0000000023f50000,0x0000000024050000)]
  0x000000001d65f800 JavaThread "Thread-4" [_thread_in_native, id=18348, stack(0x0000000023e50000,0x0000000023f50000)]
  0x000000001d65e800 JavaThread "Thread-3" [_thread_blocked, id=23320, stack(0x0000000023d50000,0x0000000023e50000)]
=>0x000000001eb7a000 JavaThread "ThreadedStreamConsumer" daemon [_thread_in_vm, id=23860, stack(0x0000000023c50000,0x0000000023d50000)]
  0x000000001d150800 JavaThread "ping-timer-10s" daemon [_thread_blocked, id=18880, stack(0x0000000023b50000,0x0000000023c50000)]
  0x000000001c808800 JavaThread "timeout-check-timer" daemon [_thread_blocked, id=13748, stack(0x0000000023a50000,0x0000000023b50000)]
  0x000000001bd15800 JavaThread "resolver-5" daemon [_thread_blocked, id=10912, stack(0x00000000225c0000,0x00000000226c0000)]
  0x000000001eedc000 JavaThread "resolver-4" daemon [_thread_blocked, id=12768, stack(0x00000000224c0000,0x00000000225c0000)]
  0x000000001ee3f800 JavaThread "resolver-3" daemon [_thread_blocked, id=11364, stack(0x00000000223c0000,0x00000000224c0000)]
  0x000000001df5b800 JavaThread "resolver-2" daemon [_thread_blocked, id=12688, stack(0x00000000222c0000,0x00000000223c0000)]
  0x000000001bd84000 JavaThread "resolver-1" daemon [_thread_blocked, id=16864, stack(0x0000000021e80000,0x0000000021f80000)]
  0x00000000197c6000 JavaThread "Service Thread" daemon [_thread_blocked, id=10812, stack(0x000000001b180000,0x000000001b280000)]
  0x000000001973d000 JavaThread "C1 CompilerThread3" daemon [_thread_blocked, id=12052, stack(0x000000001b080000,0x000000001b180000)]
  0x0000000019732800 JavaThread "C2 CompilerThread2" daemon [_thread_blocked, id=17840, stack(0x000000001af80000,0x000000001b080000)]
  0x0000000019732000 JavaThread "C2 CompilerThread1" daemon [_thread_blocked, id=1264, stack(0x000000001ae80000,0x000000001af80000)]
  0x000000001972a000 JavaThread "C2 CompilerThread0" daemon [_thread_blocked, id=352, stack(0x000000001ad80000,0x000000001ae80000)]
  0x0000000019729000 JavaThread "Attach Listener" daemon [_thread_blocked, id=13540, stack(0x000000001ac80000,0x000000001ad80000)]
  0x0000000019728000 JavaThread "Signal Dispatcher" daemon [_thread_blocked, id=12820, stack(0x000000001ab80000,0x000000001ac80000)]
  0x0000000019723800 JavaThread "Finalizer" daemon [_thread_blocked, id=18876, stack(0x000000001a980000,0x000000001aa80000)]
  0x000000001803d000 JavaThread "Reference Handler" daemon [_thread_blocked, id=3744, stack(0x000000001a880000,0x000000001a980000)]
  0x0000000002e42800 JavaThread "main" [_thread_in_native, id=17556, stack(0x0000000002d40000,0x0000000002e40000)]

Other Threads:
  0x0000000018036800 VMThread [stack: 0x000000001a780000,0x000000001a880000] [id=18352]
  0x00000000197e0800 WatcherThread [stack: 0x000000001b280000,0x000000001b380000] [id=10248]

VM state:not at safepoint (normal execution)

VM Mutex/Monitor currently owned by a thread: None

Heap:
 PSYoungGen      total 274944K, used 184840K [0x00000000d6200000, 0x00000000e9f00000, 0x0000000100000000)
  eden space 251904K, 64% used [0x00000000d6200000,0x00000000e0009b48,0x00000000e5800000)
  from space 23040K, 99% used [0x00000000e5800000,0x00000000e6e78858,0x00000000e6e80000)
  to   space 30208K, 0% used [0x00000000e8180000,0x00000000e8180000,0x00000000e9f00000)
 ParOldGen       total 89600K, used 35368K [0x0000000082600000, 0x0000000087d80000, 0x00000000d6200000)
  object space 89600K, 39% used [0x0000000082600000,0x000000008488a240,0x0000000087d80000)
 Metaspace       used 31214K, capacity 32102K, committed 32256K, reserved 1077248K
  class space    used 3551K, capacity 3793K, committed 3840K, reserved 1048576K

Card table byte_map: [0x0000000012300000,0x00000000126f0000] byte_map_base: 0x0000000011eed000

Marking Bits: (ParMarkBitMap*) 0x00000000715cf860
 Begin Bits: [0x0000000013390000, 0x00000000152f8000)
 End Bits:   [0x00000000152f8000, 0x0000000017260000)

Polling page: 0x0000000001440000

CodeCache: size=245760Kb used=19025Kb max_used=20108Kb free=226734Kb
 bounds [0x0000000002f40000, 0x0000000004330000, 0x0000000011f40000]
 total_blobs=5871 nmethods=5408 adapters=375
 compilation: enabled

Compilation events (10 events):
Event: 13.064 Thread 0x000000001973d000 nmethod 6455 0x000000000402fc10 code [0x000000000402fd60, 0x000000000402fe90]
Event: 15.211 Thread 0x000000001973d000 6456       1       sun.util.calendar.CalendarDate::getYear (5 bytes)
Event: 15.211 Thread 0x000000001973d000 nmethod 6456 0x00000000040d0790 code [0x00000000040d08e0, 0x00000000040d09f0]
Event: 15.222 Thread 0x000000001973d000 6457       1       java.util.Calendar::getFirstDayOfWeek (5 bytes)
Event: 15.223 Thread 0x000000001973d000 nmethod 6457 0x0000000004113ed0 code [0x0000000004114020, 0x0000000004114130]
Event: 15.223 Thread 0x000000001973d000 6458       1       java.util.Calendar::getMinimalDaysInFirstWeek (5 bytes)
Event: 15.223 Thread 0x0000000019732800 6459       4       java.nio.CharBuffer::array (35 bytes)
Event: 15.223 Thread 0x000000001973d000 nmethod 6458 0x0000000004130450 code [0x00000000041305a0, 0x00000000041306b0]
Event: 15.224 Thread 0x0000000019732800 nmethod 6459 0x0000000004159390 code [0x00000000041594c0, 0x0000000004159558]
Event: 15.224 Thread 0x000000001973d000 6460       3       sun.nio.cs.UTF_8$Encoder::encodeArrayLoop (489 bytes)

GC Heap History (10 events):
Event: 1.881 GC heap before
{Heap before GC invocations=4 (full 0):
 PSYoungGen      total 70656K, used 70640K [0x00000000d6200000, 0x00000000dec00000, 0x0000000100000000)
  eden space 65536K, 100% used [0x00000000d6200000,0x00000000da200000,0x00000000da200000)
  from space 5120K, 99% used [0x00000000da200000,0x00000000da6fc010,0x00000000da700000)
  to   space 5120K, 0% used [0x00000000de700000,0x00000000de700000,0x00000000dec00000)
 ParOldGen       total 86016K, used 9854K [0x0000000082600000, 0x0000000087a00000, 0x00000000d6200000)
  object space 86016K, 11% used [0x0000000082600000,0x0000000082f9f918,0x0000000087a00000)
 Metaspace       used 16051K, capacity 16292K, committed 16640K, reserved 1064960K
  class space    used 1869K, capacity 1950K, committed 2048K, reserved 1048576K
Event: 1.892 GC heap after
Heap after GC invocations=4 (full 0):
 PSYoungGen      total 136192K, used 5088K [0x00000000d6200000, 0x00000000dec00000, 0x0000000100000000)
  eden space 131072K, 0% used [0x00000000d6200000,0x00000000d6200000,0x00000000de200000)
  from space 5120K, 99% used [0x00000000de700000,0x00000000debf8020,0x00000000dec00000)
  to   space 5120K, 0% used [0x00000000de200000,0x00000000de200000,0x00000000de700000)
 ParOldGen       total 86016K, used 17329K [0x0000000082600000, 0x0000000087a00000, 0x00000000d6200000)
  object space 86016K, 20% used [0x0000000082600000,0x00000000836ec7f8,0x0000000087a00000)
 Metaspace       used 16051K, capacity 16292K, committed 16640K, reserved 1064960K
  class space    used 1869K, capacity 1950K, committed 2048K, reserved 1048576K
}
Event: 3.429 GC heap before
{Heap before GC invocations=5 (full 0):
 PSYoungGen      total 136192K, used 119353K [0x00000000d6200000, 0x00000000dec00000, 0x0000000100000000)
  eden space 131072K, 87% used [0x00000000d6200000,0x00000000dd196438,0x00000000de200000)
  from space 5120K, 99% used [0x00000000de700000,0x00000000debf8020,0x00000000dec00000)
  to   space 5120K, 0% used [0x00000000de200000,0x00000000de200000,0x00000000de700000)
 ParOldGen       total 86016K, used 17329K [0x0000000082600000, 0x0000000087a00000, 0x00000000d6200000)
  object space 86016K, 20% used [0x0000000082600000,0x00000000836ec7f8,0x0000000087a00000)
 Metaspace       used 20601K, capacity 21160K, committed 21248K, reserved 1069056K
  class space    used 2367K, capacity 2547K, committed 2560K, reserved 1048576K
Event: 3.442 GC heap after
Heap after GC invocations=5 (full 0):
 PSYoungGen      total 136192K, used 5104K [0x00000000d6200000, 0x00000000e8500000, 0x0000000100000000)
  eden space 131072K, 0% used [0x00000000d6200000,0x00000000d6200000,0x00000000de200000)
  from space 5120K, 99% used [0x00000000de200000,0x00000000de6fc030,0x00000000de700000)
  to   space 17920K, 0% used [0x00000000e7380000,0x00000000e7380000,0x00000000e8500000)
 ParOldGen       total 86016K, used 26488K [0x0000000082600000, 0x0000000087a00000, 0x00000000d6200000)
  object space 86016K, 30% used [0x0000000082600000,0x0000000083fde138,0x0000000087a00000)
 Metaspace       used 20601K, capacity 21160K, committed 21248K, reserved 1069056K
  class space    used 2367K, capacity 2547K, committed 2560K, reserved 1048576K
}
Event: 3.442 GC heap before
{Heap before GC invocations=6 (full 1):
 PSYoungGen      total 136192K, used 5104K [0x00000000d6200000, 0x00000000e8500000, 0x0000000100000000)
  eden space 131072K, 0% used [0x00000000d6200000,0x00000000d6200000,0x00000000de200000)
  from space 5120K, 99% used [0x00000000de200000,0x00000000de6fc030,0x00000000de700000)
  to   space 17920K, 0% used [0x00000000e7380000,0x00000000e7380000,0x00000000e8500000)
 ParOldGen       total 86016K, used 26488K [0x0000000082600000, 0x0000000087a00000, 0x00000000d6200000)
  object space 86016K, 30% used [0x0000000082600000,0x0000000083fde138,0x0000000087a00000)
 Metaspace       used 20601K, capacity 21160K, committed 21248K, reserved 1069056K
  class space    used 2367K, capacity 2547K, committed 2560K, reserved 1048576K
Event: 3.519 GC heap after
Heap after GC invocations=6 (full 1):
 PSYoungGen      total 136192K, used 0K [0x00000000d6200000, 0x00000000e8500000, 0x0000000100000000)
  eden space 131072K, 0% used [0x00000000d6200000,0x00000000d6200000,0x00000000de200000)
  from space 5120K, 0% used [0x00000000de200000,0x00000000de200000,0x00000000de700000)
  to   space 17920K, 0% used [0x00000000e7380000,0x00000000e7380000,0x00000000e8500000)
 ParOldGen       total 89600K, used 25330K [0x0000000082600000, 0x0000000087d80000, 0x00000000d6200000)
  object space 89600K, 28% used [0x0000000082600000,0x0000000083ebca10,0x0000000087d80000)
 Metaspace       used 20601K, capacity 21160K, committed 21248K, reserved 1069056K
  class space    used 2367K, capacity 2547K, committed 2560K, reserved 1048576K
}
Event: 4.722 GC heap before
{Heap before GC invocations=7 (full 1):
 PSYoungGen      total 136192K, used 131072K [0x00000000d6200000, 0x00000000e8500000, 0x0000000100000000)
  eden space 131072K, 100% used [0x00000000d6200000,0x00000000de200000,0x00000000de200000)
  from space 5120K, 0% used [0x00000000de200000,0x00000000de200000,0x00000000de700000)
  to   space 17920K, 0% used [0x00000000e7380000,0x00000000e7380000,0x00000000e8500000)
 ParOldGen       total 89600K, used 25330K [0x0000000082600000, 0x0000000087d80000, 0x00000000d6200000)
  object space 89600K, 28% used [0x0000000082600000,0x0000000083ebca10,0x0000000087d80000)
 Metaspace       used 24668K, capacity 25326K, committed 25600K, reserved 1071104K
  class space    used 2846K, capacity 3041K, committed 3072K, reserved 1048576K
Event: 4.737 GC heap after
Heap after GC invocations=7 (full 1):
 PSYoungGen      total 203264K, used 17916K [0x00000000d6200000, 0x00000000e8500000, 0x0000000100000000)
  eden space 185344K, 0% used [0x00000000d6200000,0x00000000d6200000,0x00000000e1700000)
  from space 17920K, 99% used [0x00000000e7380000,0x00000000e84ff2c0,0x00000000e8500000)
  to   space 23040K, 0% used [0x00000000e5800000,0x00000000e5800000,0x00000000e6e80000)
 ParOldGen       total 89600K, used 29402K [0x0000000082600000, 0x0000000087d80000, 0x00000000d6200000)
  object space 89600K, 32% used [0x0000000082600000,0x00000000842b6b10,0x0000000087d80000)
 Metaspace       used 24668K, capacity 25326K, committed 25600K, reserved 1071104K
  class space    used 2846K, capacity 3041K, committed 3072K, reserved 1048576K
}
Event: 5.776 GC heap before
{Heap before GC invocations=8 (full 1):
 PSYoungGen      total 203264K, used 203260K [0x00000000d6200000, 0x00000000e8500000, 0x0000000100000000)
  eden space 185344K, 100% used [0x00000000d6200000,0x00000000e1700000,0x00000000e1700000)
  from space 17920K, 99% used [0x00000000e7380000,0x00000000e84ff2c0,0x00000000e8500000)
  to   space 23040K, 0% used [0x00000000e5800000,0x00000000e5800000,0x00000000e6e80000)
 ParOldGen       total 89600K, used 29402K [0x0000000082600000, 0x0000000087d80000, 0x00000000d6200000)
  object space 89600K, 32% used [0x0000000082600000,0x00000000842b6b10,0x0000000087d80000)
 Metaspace       used 28051K, capacity 28808K, committed 29056K, reserved 1075200K
  class space    used 3203K, capacity 3424K, committed 3456K, reserved 1048576K
Event: 5.797 GC heap after
Heap after GC invocations=8 (full 1):
 PSYoungGen      total 274944K, used 23010K [0x00000000d6200000, 0x00000000e9f00000, 0x0000000100000000)
  eden space 251904K, 0% used [0x00000000d6200000,0x00000000d6200000,0x00000000e5800000)
  from space 23040K, 99% used [0x00000000e5800000,0x00000000e6e78858,0x00000000e6e80000)
  to   space 30208K, 0% used [0x00000000e8180000,0x00000000e8180000,0x00000000e9f00000)
 ParOldGen       total 89600K, used 35368K [0x0000000082600000, 0x0000000087d80000, 0x00000000d6200000)
  object space 89600K, 39% used [0x0000000082600000,0x000000008488a240,0x0000000087d80000)
 Metaspace       used 28051K, capacity 28808K, committed 29056K, reserved 1075200K
  class space    used 3203K, capacity 3424K, committed 3456K, reserved 1048576K
}

Deoptimization events (10 events):
Event: 6.950 Thread 0x0000000002e42800 Uncommon trap: reason=class_check action=maybe_recompile pc=0x00000000033e6c2c method=com.google.inject.internal.MoreTypes.getRawType(Ljava/lang/reflect/Type;)Ljava/lang/Class; @ 13
Event: 6.951 Thread 0x0000000002e42800 Uncommon trap: reason=class_check action=maybe_recompile pc=0x00000000033e6c2c method=com.google.inject.internal.MoreTypes.getRawType(Ljava/lang/reflect/Type;)Ljava/lang/Class; @ 13
Event: 6.972 Thread 0x0000000002e42800 Uncommon trap: reason=unstable_if action=reinterpret pc=0x0000000003ba3848 method=org.codehaus.plexus.classworlds.realm.Entry.matches(Ljava/lang/String;)Z @ 20
Event: 7.362 Thread 0x0000000002e42800 Uncommon trap: reason=bimorphic action=maybe_recompile pc=0x0000000003a76c04 method=org.apache.maven.model.merge.ModelMerger$DependencyKeyComputer.key(Lorg/apache/maven/model/Dependency;)Ljava/lang/Object; @ 5
Event: 7.369 Thread 0x0000000002e42800 Uncommon trap: reason=bimorphic action=maybe_recompile pc=0x0000000003a76c04 method=org.apache.maven.model.merge.ModelMerger$DependencyKeyComputer.key(Lorg/apache/maven/model/Dependency;)Ljava/lang/Object; @ 5
Event: 7.376 Thread 0x0000000002e42800 Uncommon trap: reason=bimorphic action=maybe_recompile pc=0x0000000003a76c04 method=org.apache.maven.model.merge.ModelMerger$DependencyKeyComputer.key(Lorg/apache/maven/model/Dependency;)Ljava/lang/Object; @ 5
Event: 7.396 Thread 0x0000000002e42800 Uncommon trap: reason=bimorphic action=maybe_recompile pc=0x0000000003a76c04 method=org.apache.maven.model.merge.ModelMerger$DependencyKeyComputer.key(Lorg/apache/maven/model/Dependency;)Ljava/lang/Object; @ 5
Event: 7.489 Thread 0x0000000002e42800 Uncommon trap: reason=unstable_if action=reinterpret pc=0x0000000003da4494 method=java.util.zip.DeflaterOutputStream.deflate()V @ 19
Event: 7.495 Thread 0x0000000002e42800 Uncommon trap: reason=class_check action=maybe_recompile pc=0x000000000378e8fc method=java.util.Collections$UnmodifiableMap$UnmodifiableEntrySet$1.<init>(Ljava/util/Collections$UnmodifiableMap$UnmodifiableEntrySet;)V @ 17
Event: 7.931 Thread 0x000000001d65f800 Uncommon trap: reason=unstable_if action=reinterpret pc=0x0000000003800bd8 method=java.io.BufferedReader.readLine(Z)Ljava/lang/String; @ 265

Classes redefined (0 events):
No events

Internal exceptions (10 events):
Event: 3.870 Thread 0x0000000002e42800 Exception <a 'java/io/FileNotFoundException'> (0x00000000da7fa0e8) thrown at [C:\re\workspace\8-2-build-windows-amd64-cygwin\jdk8u161\10277\hotspot\src\share\vm\prims\jni.cpp, line 709]
Event: 4.690 Thread 0x0000000002e42800 Implicit null exception at 0x0000000003561e31 to 0x000000000356225d
Event: 4.693 Thread 0x0000000002e42800 Implicit null exception at 0x000000000353f495 to 0x000000000353f69d
Event: 4.959 Thread 0x0000000002e42800 Implicit null exception at 0x00000000039b468c to 0x00000000039b47c9
Event: 5.244 Thread 0x0000000002e42800 Implicit null exception at 0x0000000003523b71 to 0x00000000035246b9
Event: 5.244 Thread 0x0000000002e42800 Implicit null exception at 0x000000000328b71b to 0x000000000328bb9d
Event: 5.848 Thread 0x0000000002e42800 Exception <a 'java/io/FileNotFoundException'> (0x00000000d6c97e50) thrown at [C:\re\workspace\8-2-build-windows-amd64-cygwin\jdk8u161\10277\hotspot\src\share\vm\prims\jni.cpp, line 709]
Event: 5.848 Thread 0x0000000002e42800 Exception <a 'java/io/FileNotFoundException'> (0x00000000d6c99950) thrown at [C:\re\workspace\8-2-build-windows-amd64-cygwin\jdk8u161\10277\hotspot\src\share\vm\prims\jni.cpp, line 709]
Event: 6.716 Thread 0x0000000002e42800 Implicit null exception at 0x00000000039ab1fe to 0x00000000039aca79
Event: 6.956 Thread 0x0000000002e42800 Exception <a 'java/lang/NoSuchMethodError': org.apache.maven.execution.MavenExecutionRequest.getFailureBehavior()Ljava/lang/String;> (0x00000000dcf8ae58) thrown at [C:\re\workspace\8-2-build-windows-amd64-cygwin\jdk8u161\10277\hotspot\src\share\vm\interpr

Events (10 events):
Event: 15.208 loading class org/apache/maven/plugin/surefire/booterclient/output/InPluginProcessDumpSingleton
Event: 15.208 loading class org/apache/maven/plugin/surefire/booterclient/output/InPluginProcessDumpSingleton done
Event: 15.208 loading class org/apache/maven/plugin/surefire/booterclient/output/InPluginProcessDumpSingleton
Event: 15.208 loading class org/apache/maven/plugin/surefire/booterclient/output/InPluginProcessDumpSingleton done
Event: 15.208 loading class org/apache/maven/plugin/surefire/booterclient/output/InPluginProcessDumpSingleton
Event: 15.208 loading class org/apache/maven/plugin/surefire/booterclient/output/InPluginProcessDumpSingleton done
Event: 15.211 loading class java/lang/Throwable$WrappedPrintWriter
Event: 15.211 loading class java/lang/Throwable$PrintStreamOrWriter
Event: 15.211 loading class java/lang/Throwable$PrintStreamOrWriter done
Event: 15.211 loading class java/lang/Throwable$WrappedPrintWriter done


Dynamic libraries:
0x00007ff6ead20000 - 0x00007ff6ead57000 	C:\Program Files\Java\jdk1.8.0_161\bin\java.exe
0x00007ff84a930000 - 0x00007ff84ab47000 	C:\WINDOWS\SYSTEM32\ntdll.dll
0x00007ff8487f0000 - 0x00007ff8488b4000 	C:\WINDOWS\System32\KERNEL32.DLL
0x00007ff8481e0000 - 0x00007ff848587000 	C:\WINDOWS\System32\KERNELBASE.dll
0x00007ff8496b0000 - 0x00007ff849762000 	C:\WINDOWS\System32\ADVAPI32.dll
0x00007ff848c30000 - 0x00007ff848cd7000 	C:\WINDOWS\System32\msvcrt.dll
0x00007ff849940000 - 0x00007ff8499e8000 	C:\WINDOWS\System32\sechost.dll
0x00007ff848590000 - 0x00007ff8485b8000 	C:\WINDOWS\System32\bcrypt.dll
0x00007ff849820000 - 0x00007ff849935000 	C:\WINDOWS\System32\RPCRT4.dll
0x00007ff848920000 - 0x00007ff848ace000 	C:\WINDOWS\System32\USER32.dll
0x00007ff848630000 - 0x00007ff848656000 	C:\WINDOWS\System32\win32u.dll
0x00007ff848660000 - 0x00007ff848689000 	C:\WINDOWS\System32\GDI32.dll
0x00007ff847dc0000 - 0x00007ff847ed9000 	C:\WINDOWS\System32\gdi32full.dll
0x00007ff848140000 - 0x00007ff8481da000 	C:\WINDOWS\System32\msvcp_win.dll
0x00007ff847fa0000 - 0x00007ff8480b1000 	C:\WINDOWS\System32\ucrtbase.dll
0x00007ff8308c0000 - 0x00007ff830b53000 	C:\WINDOWS\WinSxS\amd64_microsoft.windows.common-controls_6595b64144ccf1df_6.0.22621.3527_none_270e469b73872a76\COMCTL32.dll
0x00007ff848ea0000 - 0x00007ff848ed1000 	C:\WINDOWS\System32\IMM32.DLL
0x0000000071650000 - 0x0000000071722000 	C:\Program Files\Java\jdk1.8.0_161\jre\bin\msvcr100.dll
0x0000000070db0000 - 0x000000007164f000 	C:\Program Files\Java\jdk1.8.0_161\jre\bin\server\jvm.dll
0x00007ff848ce0000 - 0x00007ff848ce8000 	C:\WINDOWS\System32\PSAPI.DLL
0x00007ff827010000 - 0x00007ff827019000 	C:\WINDOWS\SYSTEM32\WSOCK32.dll
0x00007ff833750000 - 0x00007ff833784000 	C:\WINDOWS\SYSTEM32\WINMM.dll
0x00007ff83ec20000 - 0x00007ff83ec2a000 	C:\WINDOWS\SYSTEM32\VERSION.dll
0x00007ff848bb0000 - 0x00007ff848c21000 	C:\WINDOWS\System32\WS2_32.dll
0x0000000070da0000 - 0x0000000070daf000 	C:\Program Files\Java\jdk1.8.0_161\jre\bin\verify.dll
0x0000000070cd0000 - 0x0000000070cf9000 	C:\Program Files\Java\jdk1.8.0_161\jre\bin\java.dll
0x0000000070cb0000 - 0x0000000070cc6000 	C:\Program Files\Java\jdk1.8.0_161\jre\bin\zip.dll
0x00007ff849b70000 - 0x00007ff84a3cc000 	C:\WINDOWS\System32\SHELL32.dll
0x00007ff845ba0000 - 0x00007ff846496000 	C:\WINDOWS\SYSTEM32\windows.storage.dll
0x00007ff848ee0000 - 0x00007ff849268000 	C:\WINDOWS\System32\combase.dll
0x00007ff845a60000 - 0x00007ff845b9e000 	C:\WINDOWS\SYSTEM32\wintypes.dll
0x00007ff8493e0000 - 0x00007ff8494d5000 	C:\WINDOWS\System32\SHCORE.dll
0x00007ff8488c0000 - 0x00007ff84891e000 	C:\WINDOWS\System32\shlwapi.dll
0x00007ff847b80000 - 0x00007ff847ba1000 	C:\WINDOWS\SYSTEM32\profapi.dll
0x00007ff83f900000 - 0x00007ff83f90a000 	D:\Tools\apache-maven-3.6.3\lib\jansi-native\windows64\jansi.dll
0x0000000070c90000 - 0x0000000070caa000 	C:\Program Files\Java\jdk1.8.0_161\jre\bin\net.dll
0x00007ff8471d0000 - 0x00007ff847239000 	C:\WINDOWS\system32\mswsock.dll
0x0000000070c70000 - 0x0000000070c81000 	C:\Program Files\Java\jdk1.8.0_161\jre\bin\nio.dll
0x0000000070bf0000 - 0x0000000070bfd000 	C:\Program Files\Java\jdk1.8.0_161\jre\bin\management.dll
0x00007ff808b20000 - 0x00007ff808b37000 	C:\WINDOWS\system32\napinsp.dll
0x00007ff808b00000 - 0x00007ff808b1b000 	C:\WINDOWS\system32\pnrpnsp.dll
0x00007ff8467e0000 - 0x00007ff8468d8000 	C:\WINDOWS\SYSTEM32\DNSAPI.dll
0x00007ff846770000 - 0x00007ff84679d000 	C:\WINDOWS\SYSTEM32\IPHLPAPI.DLL
0x00007ff8494e0000 - 0x00007ff8494e9000 	C:\WINDOWS\System32\NSI.dll
0x00007ff808ae0000 - 0x00007ff808af1000 	C:\WINDOWS\System32\winrnr.dll
0x00007ff840dd0000 - 0x00007ff840de5000 	C:\WINDOWS\system32\wshbth.dll
0x00007ff808410000 - 0x00007ff808437000 	C:\WINDOWS\system32\nlansp_c.dll
0x00007ff840a00000 - 0x00007ff840a0a000 	C:\Windows\System32\rasadhlp.dll
0x00007ff840a10000 - 0x00007ff840a93000 	C:\WINDOWS\System32\fwpuclnt.dll
0x00007ff847430000 - 0x00007ff84744b000 	C:\WINDOWS\SYSTEM32\CRYPTSP.dll
0x00007ff846cc0000 - 0x00007ff846cf5000 	C:\WINDOWS\system32\rsaenh.dll
0x00007ff8472d0000 - 0x00007ff8472f8000 	C:\WINDOWS\SYSTEM32\USERENV.dll
0x00007ff8480c0000 - 0x00007ff848139000 	C:\WINDOWS\System32\bcryptprimitives.dll
0x00007ff847450000 - 0x00007ff84745c000 	C:\WINDOWS\SYSTEM32\CRYPTBASE.dll
0x00007ff841810000 - 0x00007ff841829000 	C:\WINDOWS\SYSTEM32\dhcpcsvc6.DLL
0x00007ff841620000 - 0x00007ff84163f000 	C:\WINDOWS\SYSTEM32\dhcpcsvc.DLL

VM Arguments:
jvm_args: -Dclassworlds.conf=D:\Tools\apache-maven-3.6.3\bin\..\bin\m2.conf -Dmaven.home=D:\Tools\apache-maven-3.6.3\bin\.. -Dlibrary.jansi.path=D:\Tools\apache-maven-3.6.3\bin\..\lib\jansi-native -Dmaven.multiModuleProjectDirectory=D:\microservices-new 
java_command: org.codehaus.plexus.classworlds.launcher.Launcher clean verify
java_class_path (initial): D:\Tools\apache-maven-3.6.3\bin\..\boot\plexus-classworlds-2.6.0.jar
Launcher Type: SUN_STANDARD

Environment Variables:
JAVA_HOME=C:\Program Files\Java\jdk1.8.0_161
CLASSPATH=.;C:\javalib\gson.jar;C:\mysql-driver-new.jar;
PATH=D:\Tools\WINDOWS.X64_193000_db_home\bin;C:\ProgramData\Oracle\Java\javapath;C:\Windows\system32;C:\Windows;C:\Windows\System32\Wbem;C:\Windows\System32\WindowsPowerShell\v1.0\;C:\Windows\System32\OpenSSH\;C:\Program Files (x86)\NVIDIA Corporation\PhysX\Common;C:\Program Files\NVIDIA Corporation\NVIDIA NvDLISR;C:\Program Files\nodejs\;C:\Program Files\Java\jdk1.8.0_161\bin;D:\Tools\apache-maven-3.6.3\bin;C:\WINDOWS\system32;C:\WINDOWS;C:\WINDOWS\System32\Wbem;C:\WINDOWS\System32\WindowsPowerShell\v1.0\;C:\WINDOWS\System32\OpenSSH\;C:\Program Files\TortoiseGit\bin;C:\Program Files\Git\cmd;C:\Program Files\TortoiseSVN\bin;C:\Program Files\PuTTY\;C:\Users\USER\AppData\Local\Programs\Python\Python311\Scripts\;C:\Users\USER\AppData\Local\Programs\Python\Python311\;C:\composer;C:\Users\USER\AppData\Local\Programs\Python\Python311\Scripts\;C:\Users\USER\AppData\Local\Programs\Python\Python311\;C:\Users\USER\AppData\Local\Microsoft\WindowsApps;C:\Users\USER\AppData\Local\Programs\Microsoft VS Code\bin;C:\Users\USER\AppData\Roaming\npm;C:\xampp\php;C:\Users\USER\AppData\Local\ComposerSetup\bin;C:\Users\USER\AppData\Roaming\Composer\vendor\bin;C:\Program Files\JetBrains\IntelliJ IDEA 2021.3.3\bin;;C:\Program Files\Java\jdk1.8.0_161\bin;;D:\Tools\IntelliJ IDEA Community Edition 2023.1.4\bin;
USERNAME=simonhtjl
OS=Windows_NT
PROCESSOR_IDENTIFIER=Intel64 Family 6 Model 158 Stepping 10, GenuineIntel



---------------  S Y S T E M  ---------------

OS: Windows 10.0 , 64 bit Build 22621 (10.0.22621.3527)

CPU:total 12 (initial active 12) (6 cores per cpu, 2 threads per core) family 6 model 158 stepping 10, cmov, cx8, fxsr, mmx, sse, sse2, sse3, ssse3, sse4.1, sse4.2, popcnt, avx, avx2, aes, clmul, erms, 3dnowpref, lzcnt, ht, tsc, tscinvbit, bmi1, bmi2, adx

Memory: 4k page, physical 8230852k(361832k free), swap 20932332k(7256k free)

vm_info: Java HotSpot(TM) 64-Bit Server VM (25.161-b12) for windows-amd64 JRE (1.8.0_161-b12), built on Dec 19 2017 17:52:25 by "java_re" with MS VC++ 10.0 (VS2010)

time: Fri May 24 02:33:31 2024
elapsed time: 15 seconds (0d 0h 0m 15s)

