#
# There is insufficient memory for the Java Runtime Environment to continue.
# Native memory allocation (malloc) failed to allocate 132240 bytes for Chunk::new
# Possible reasons:
#   The system is out of physical RAM or swap space
#   In 32 bit mode, the process size limit was hit
# Possible solutions:
#   Reduce memory load on the system
#   Increase physical memory or swap space
#   Check if swap backing store is full
#   Use 64 bit Java on a 64 bit OS
#   Decrease Java heap size (-Xmx/-Xms)
#   Decrease number of Java threads
#   Decrease Java thread stack sizes (-Xss)
#   Set larger code cache with -XX:ReservedCodeCacheSize=
# This output file may be truncated or incomplete.
#
#  Out of Memory Error (allocation.cpp:390), pid=23496, tid=0x0000000000005c1c
#
# JRE version: Java(TM) SE Runtime Environment (8.0_161-b12) (build 1.8.0_161-b12)
# Java VM: Java HotSpot(TM) 64-Bit Server VM (25.161-b12 mixed mode windows-amd64 compressed oops)
# Failed to write core dump. Minidumps are not enabled by default on client versions of Windows
#

---------------  T H R E A D  ---------------

Current thread (0x000000001835c000):  JavaThread "C2 CompilerThread2" daemon [_thread_in_native, id=23580, stack(0x000000001b2b0000,0x000000001b3b0000)]

Stack: [0x000000001b2b0000,0x000000001b3b0000]
[error occurred during error reporting (printing stack bounds), id 0xc0000005]

Native frames: (J=compiled Java code, j=interpreted, Vv=VM code, C=native code)


Current CompileTask:
C2:   7636 4277   !   4       org.springframework.core.annotation.AnnotationsScanner::processMethodHierarchy (276 bytes)


---------------  P R O C E S S  ---------------

Java Threads: ( => current thread )
  0x000000001fddd000 JavaThread "HikariPool-1 connection adder" daemon [_thread_blocked, id=10172, stack(0x0000000024980000,0x0000000024a80000)]
  0x000000001fdde800 JavaThread "HikariPool-1 housekeeper" daemon [_thread_blocked, id=21484, stack(0x0000000022c90000,0x0000000022d90000)]
  0x000000001f804000 JavaThread "mysql-cj-abandoned-connection-cleanup" daemon [_thread_blocked, id=6908, stack(0x000000001d9d0000,0x000000001dad0000)]
  0x0000000019c22000 JavaThread "surefire-forkedjvm-ping-30s" daemon [_thread_blocked, id=23760, stack(0x000000001b7b0000,0x000000001b8b0000)]
  0x0000000019bf4800 
[error occurred during error reporting (printing all threads), id 0xc0000005]

VM state:at safepoint (normal execution)

VM Mutex/Monitor currently owned by a thread:  ([mutex/lock_event])
[0x000000000301e560] Threads_lock - owner thread: 0x0000000018346800
[0x000000000301e0e0] Heap_lock - owner thread: 0x0000000003122800

Heap:
 PSYoungGen      total 250368K, used 9874K [0x00000000d6200000, 0x00000000e7b00000, 0x0000000100000000)
  eden space 236032K, 0% used [0x00000000d6200000,0x00000000d6200000,0x00000000e4880000)
  from space 14336K, 68% used [0x00000000e5f00000,0x00000000e68a4960,0x00000000e6d00000)
  to   space 11264K, 0% used [0x00000000e7000000,0x00000000e7000000,0x00000000e7b00000)
 ParOldGen       total 79360K, used 24512K [0x0000000082600000, 0x0000000087380000, 0x00000000d6200000)
  object space 79360K, 30% used [0x0000000082600000,0x0000000083df0060,0x0000000087380000)
 Metaspace       used 55758K, capacity 59124K, committed 59160K, reserved 1099776K
  class space    used 7876K, capacity 8458K, committed 8488K, reserved 1048576K

Card table byte_map: [0x00000000125e0000,0x00000000129d0000] byte_map_base: 0x00000000121cd000

Marking Bits: (ParMarkBitMap*) 0x00000000715cf860
 Begin Bits: [0x0000000013670000, 0x00000000155d8000)
 End Bits:   [0x00000000155d8000, 0x0000000017540000)

Polling page: 0x00000000015d0000

CodeCache: size=245760Kb used=13971Kb max_used=14557Kb free=231788Kb
 bounds [0x0000000003220000, 0x0000000004070000, 0x0000000012220000]
 total_blobs=4386 nmethods=3872 adapters=426
 compilation: enabled

Compilation events (10 events):
Event: 7.479 Thread 0x000000001835d000 4381       2       java.util.regex.Pattern::compile (406 bytes)
Event: 7.481 Thread 0x000000001835d000 nmethod 4381 0x000000000405ebd0 code [0x000000000405ee40, 0x000000000405fc68]
Event: 7.481 Thread 0x000000001835d000 4382       2       java.util.regex.Pattern::sequence (553 bytes)
Event: 7.485 Thread 0x000000001835d000 nmethod 4382 0x0000000003398390 code [0x00000000033986a0, 0x0000000003399928]
Event: 7.485 Thread 0x000000001835d000 4383       2       java.util.regex.Pattern::closure (477 bytes)
Event: 7.487 Thread 0x000000001835d000 nmethod 4383 0x000000000345bdd0 code [0x000000000345c100, 0x000000000345d808]
Event: 7.500 Thread 0x000000001835d000 4385       2       java.util.regex.Pattern::<init> (90 bytes)
Event: 7.501 Thread 0x000000001835d000 nmethod 4385 0x00000000039cbb90 code [0x00000000039cbd00, 0x00000000039cc078]
Event: 7.502 Thread 0x000000001835d000 4386       2       java.lang.invoke.MethodHandles::identity (87 bytes)
Event: 7.504 Thread 0x000000001835d000 nmethod 4386 0x000000000345a090 code [0x000000000345a320, 0x000000000345af18]

GC Heap History (10 events):
Event: 3.344 GC heap after
Heap after GC invocations=9 (full 1):
 PSYoungGen      total 196608K, used 9210K [0x00000000d6200000, 0x00000000e4800000, 0x0000000100000000)
  eden space 187392K, 0% used [0x00000000d6200000,0x00000000d6200000,0x00000000e1900000)
  from space 9216K, 99% used [0x00000000e2400000,0x00000000e2cfe8f0,0x00000000e2d00000)
  to   space 11264K, 0% used [0x00000000e1900000,0x00000000e1900000,0x00000000e2400000)
 ParOldGen       total 51200K, used 10385K [0x0000000082600000, 0x0000000085800000, 0x00000000d6200000)
  object space 51200K, 20% used [0x0000000082600000,0x00000000830247c0,0x0000000085800000)
 Metaspace       used 32637K, capacity 34734K, committed 34944K, reserved 1079296K
  class space    used 4481K, capacity 4910K, committed 4992K, reserved 1048576K
}
Event: 3.513 GC heap before
{Heap before GC invocations=10 (full 1):
 PSYoungGen      total 196608K, used 29748K [0x00000000d6200000, 0x00000000e4800000, 0x0000000100000000)
  eden space 187392K, 10% used [0x00000000d6200000,0x00000000d760e8f0,0x00000000e1900000)
  from space 9216K, 99% used [0x00000000e2400000,0x00000000e2cfe8f0,0x00000000e2d00000)
  to   space 11264K, 0% used [0x00000000e1900000,0x00000000e1900000,0x00000000e2400000)
 ParOldGen       total 51200K, used 10385K [0x0000000082600000, 0x0000000085800000, 0x00000000d6200000)
  object space 51200K, 20% used [0x0000000082600000,0x00000000830247c0,0x0000000085800000)
 Metaspace       used 33313K, capacity 35424K, committed 35496K, reserved 1079296K
  class space    used 4585K, capacity 5009K, committed 5032K, reserved 1048576K
Event: 3.520 GC heap after
Heap after GC invocations=10 (full 1):
 PSYoungGen      total 198656K, used 5731K [0x00000000d6200000, 0x00000000e7b00000, 0x0000000100000000)
  eden space 187392K, 0% used [0x00000000d6200000,0x00000000d6200000,0x00000000e1900000)
  from space 11264K, 50% used [0x00000000e1900000,0x00000000e1e98cb8,0x00000000e2400000)
  to   space 11264K, 0% used [0x00000000e7000000,0x00000000e7000000,0x00000000e7b00000)
 ParOldGen       total 51200K, used 11546K [0x0000000082600000, 0x0000000085800000, 0x00000000d6200000)
  object space 51200K, 22% used [0x0000000082600000,0x0000000083146930,0x0000000085800000)
 Metaspace       used 33313K, capacity 35424K, committed 35496K, reserved 1079296K
  class space    used 4585K, capacity 5009K, committed 5032K, reserved 1048576K
}
Event: 3.520 GC heap before
{Heap before GC invocations=11 (full 2):
 PSYoungGen      total 198656K, used 5731K [0x00000000d6200000, 0x00000000e7b00000, 0x0000000100000000)
  eden space 187392K, 0% used [0x00000000d6200000,0x00000000d6200000,0x00000000e1900000)
  from space 11264K, 50% used [0x00000000e1900000,0x00000000e1e98cb8,0x00000000e2400000)
  to   space 11264K, 0% used [0x00000000e7000000,0x00000000e7000000,0x00000000e7b00000)
 ParOldGen       total 51200K, used 11546K [0x0000000082600000, 0x0000000085800000, 0x00000000d6200000)
  object space 51200K, 22% used [0x0000000082600000,0x0000000083146930,0x0000000085800000)
 Metaspace       used 33313K, capacity 35424K, committed 35496K, reserved 1079296K
  class space    used 4585K, capacity 5009K, committed 5032K, reserved 1048576K
Event: 3.589 GC heap after
Heap after GC invocations=11 (full 2):
 PSYoungGen      total 198656K, used 0K [0x00000000d6200000, 0x00000000e7b00000, 0x0000000100000000)
  eden space 187392K, 0% used [0x00000000d6200000,0x00000000d6200000,0x00000000e1900000)
  from space 11264K, 0% used [0x00000000e1900000,0x00000000e1900000,0x00000000e2400000)
  to   space 11264K, 0% used [0x00000000e7000000,0x00000000e7000000,0x00000000e7b00000)
 ParOldGen       total 79360K, used 11643K [0x0000000082600000, 0x0000000087380000, 0x00000000d6200000)
  object space 79360K, 14% used [0x0000000082600000,0x000000008315ee20,0x0000000087380000)
 Metaspace       used 33313K, capacity 35424K, committed 35496K, reserved 1079296K
  class space    used 4585K, capacity 5009K, committed 5032K, reserved 1048576K
}
Event: 6.146 GC heap before
{Heap before GC invocations=12 (full 2):
 PSYoungGen      total 198656K, used 187392K [0x00000000d6200000, 0x00000000e7b00000, 0x0000000100000000)
  eden space 187392K, 100% used [0x00000000d6200000,0x00000000e1900000,0x00000000e1900000)
  from space 11264K, 0% used [0x00000000e1900000,0x00000000e1900000,0x00000000e2400000)
  to   space 11264K, 0% used [0x00000000e7000000,0x00000000e7000000,0x00000000e7b00000)
 ParOldGen       total 79360K, used 11643K [0x0000000082600000, 0x0000000087380000, 0x00000000d6200000)
  object space 79360K, 14% used [0x0000000082600000,0x000000008315ee20,0x0000000087380000)
 Metaspace       used 47001K, capacity 49636K, committed 49960K, reserved 1091584K
  class space    used 6568K, capacity 7088K, committed 7208K, reserved 1048576K
Event: 6.165 GC heap after
Heap after GC invocations=12 (full 2):
 PSYoungGen      total 247296K, used 11238K [0x00000000d6200000, 0x00000000e7b00000, 0x0000000100000000)
  eden space 236032K, 0% used [0x00000000d6200000,0x00000000d6200000,0x00000000e4880000)
  from space 11264K, 99% used [0x00000000e7000000,0x00000000e7af98d8,0x00000000e7b00000)
  to   space 14336K, 0% used [0x00000000e5f00000,0x00000000e5f00000,0x00000000e6d00000)
 ParOldGen       total 79360K, used 17535K [0x0000000082600000, 0x0000000087380000, 0x00000000d6200000)
  object space 79360K, 22% used [0x0000000082600000,0x000000008371fd38,0x0000000087380000)
 Metaspace       used 47001K, capacity 49636K, committed 49960K, reserved 1091584K
  class space    used 6568K, capacity 7088K, committed 7208K, reserved 1048576K
}
Event: 7.519 GC heap before
{Heap before GC invocations=13 (full 2):
 PSYoungGen      total 247296K, used 146341K [0x00000000d6200000, 0x00000000e7b00000, 0x0000000100000000)
  eden space 236032K, 57% used [0x00000000d6200000,0x00000000de5eff08,0x00000000e4880000)
  from space 11264K, 99% used [0x00000000e7000000,0x00000000e7af98d8,0x00000000e7b00000)
  to   space 14336K, 0% used [0x00000000e5f00000,0x00000000e5f00000,0x00000000e6d00000)
 ParOldGen       total 79360K, used 17535K [0x0000000082600000, 0x0000000087380000, 0x00000000d6200000)
  object space 79360K, 22% used [0x0000000082600000,0x000000008371fd38,0x0000000087380000)
 Metaspace       used 55758K, capacity 59124K, committed 59160K, reserved 1099776K
  class space    used 7876K, capacity 8458K, committed 8488K, reserved 1048576K
Event: 7.541 GC heap after
Heap after GC invocations=13 (full 2):
 PSYoungGen      total 250368K, used 9874K [0x00000000d6200000, 0x00000000e7b00000, 0x0000000100000000)
  eden space 236032K, 0% used [0x00000000d6200000,0x00000000d6200000,0x00000000e4880000)
  from space 14336K, 68% used [0x00000000e5f00000,0x00000000e68a4960,0x00000000e6d00000)
  to   space 11264K, 0% used [0x00000000e7000000,0x00000000e7000000,0x00000000e7b00000)
 ParOldGen       total 79360K, used 24512K [0x0000000082600000, 0x0000000087380000, 0x00000000d6200000)
  object space 79360K, 30% used [0x0000000082600000,0x0000000083df0060,0x0000000087380000)
 Metaspace       used 55758K, capacity 59124K, committed 59160K, reserved 1099776K
  class space    used 7876K, capacity 8458K, committed 8488K, reserved 1048576K
}
Event: 7.541 GC heap before
{Heap before GC invocations=14 (full 3):
 PSYoungGen      total 250368K, used 9874K [0x00000000d6200000, 0x00000000e7b00000, 0x0000000100000000)
  eden space 236032K, 0% used [0x00000000d6200000,0x00000000d6200000,0x00000000e4880000)
  from space 14336K, 68% used [0x00000000e5f00000,0x00000000e68a4960,0x00000000e6d00000)
  to   space 11264K, 0% used [0x00000000e7000000,0x00000000e7000000,0x00000000e7b00000)
 ParOldGen       total 79360K, used 24512K [0x0000000082600000, 0x0000000087380000, 0x00000000d6200000)
  object space 79360K, 30% used [0x0000000082600000,0x0000000083df0060,0x0000000087380000)
 Metaspace       used 55758K, capacity 59124K, committed 59160K, reserved 1099776K
  class space    used 7876K, capacity 8458K, committed 8488K, reserved 1048576K

Deoptimization events (10 events):
Event: 7.031 Thread 0x0000000003122800 Uncommon trap: reason=unstable_if action=reinterpret pc=0x0000000003f36274 method=java.util.concurrent.ConcurrentHashMap.putVal(Ljava/lang/Object;Ljava/lang/Object;Z)Ljava/lang/Object; @ 331
Event: 7.084 Thread 0x0000000003122800 Uncommon trap: reason=unstable_if action=reinterpret pc=0x0000000003d00820 method=org.springframework.core.ResolvableType.equals(Ljava/lang/Object;)Z @ 32
Event: 7.084 Thread 0x0000000003122800 Uncommon trap: reason=unstable_if action=reinterpret pc=0x0000000003dbb504 method=org.springframework.util.ConcurrentReferenceHashMap$Segment.findInChain(Lorg/springframework/util/ConcurrentReferenceHashMap$Reference;Ljava/lang/Object;I)Lorg/springframewo
Event: 7.094 Thread 0x0000000003122800 Uncommon trap: reason=unstable_if action=reinterpret pc=0x0000000003e6cc94 method=org.springframework.util.ConcurrentReferenceHashMap$Segment.restructureIfNecessary(Z)V @ 41
Event: 7.212 Thread 0x0000000003122800 Uncommon trap: reason=unstable_if action=reinterpret pc=0x0000000003e92dd0 method=org.springframework.util.ConcurrentReferenceHashMap$Segment.restructureIfNecessary(Z)V @ 41
Event: 7.265 Thread 0x0000000003122800 Uncommon trap: reason=class_check action=maybe_recompile pc=0x0000000003c820dc method=org.springframework.beans.factory.support.AbstractBeanFactory.isTypeMatch(Ljava/lang/String;Lorg/springframework/core/ResolvableType;Z)Z @ 53
Event: 7.265 Thread 0x0000000003122800 Uncommon trap: reason=class_check action=maybe_recompile pc=0x0000000003c820dc method=org.springframework.beans.factory.support.AbstractBeanFactory.isTypeMatch(Ljava/lang/String;Lorg/springframework/core/ResolvableType;Z)Z @ 53
Event: 7.375 Thread 0x0000000003122800 Uncommon trap: reason=class_check action=maybe_recompile pc=0x0000000003c820dc method=org.springframework.beans.factory.support.AbstractBeanFactory.isTypeMatch(Ljava/lang/String;Lorg/springframework/core/ResolvableType;Z)Z @ 53
Event: 7.378 Thread 0x0000000003122800 Uncommon trap: reason=class_check action=maybe_recompile pc=0x0000000003c820dc method=org.springframework.beans.factory.support.AbstractBeanFactory.isTypeMatch(Ljava/lang/String;Lorg/springframework/core/ResolvableType;Z)Z @ 53
Event: 7.426 Thread 0x0000000003122800 Uncommon trap: reason=unstable_if action=reinterpret pc=0x0000000003a88734 method=java.lang.invoke.MethodType.checkPtypes([Ljava/lang/Class;)I @ 40

Classes redefined (0 events):
No events

Internal exceptions (10 events):
Event: 7.295 Thread 0x0000000003122800 Exception <a 'java/lang/IncompatibleClassChangeError': Found class java.lang.Object, but interface was expected> (0x00000000dcd4bfe8) thrown at [C:\re\workspace\8-2-build-windows-amd64-cygwin\jdk8u161\10277\hotspot\src\share\vm\interpreter\linkResolver.cp
Event: 7.375 Thread 0x0000000003122800 Exception <a 'java/lang/ClassNotFoundException': java/lang/ObjectCustomizer> (0x00000000dd502d28) thrown at [C:\re\workspace\8-2-build-windows-amd64-cygwin\jdk8u161\10277\hotspot\src\share\vm\classfile\systemDictionary.cpp, line 210]
Event: 7.376 Thread 0x0000000003122800 Exception <a 'java/lang/ClassNotFoundException': com/assigment/adminservice/Service/Impl/BukuServiceImplCustomizer> (0x00000000dd534d08) thrown at [C:\re\workspace\8-2-build-windows-amd64-cygwin\jdk8u161\10277\hotspot\src\share\vm\classfile\systemDictiona
Event: 7.377 Thread 0x0000000003122800 Exception <a 'java/lang/ClassNotFoundException': com/assigment/adminservice/Service/BukuServiceCustomizer> (0x00000000dd569b00) thrown at [C:\re\workspace\8-2-build-windows-amd64-cygwin\jdk8u161\10277\hotspot\src\share\vm\classfile\systemDictionary.cpp, l
Event: 7.379 Thread 0x0000000003122800 Exception <a 'java/lang/ClassNotFoundException': java/lang/ObjectCustomizer> (0x00000000dd59ccf0) thrown at [C:\re\workspace\8-2-build-windows-amd64-cygwin\jdk8u161\10277\hotspot\src\share\vm\classfile\systemDictionary.cpp, line 210]
Event: 7.380 Thread 0x0000000003122800 Exception <a 'java/lang/ClassNotFoundException': com/assigment/adminservice/Controller/BukuControllerCustomizer> (0x00000000dd5cd6d0) thrown at [C:\re\workspace\8-2-build-windows-amd64-cygwin\jdk8u161\10277\hotspot\src\share\vm\classfile\systemDictionary.
Event: 7.392 Thread 0x0000000003122800 Exception <a 'java/lang/ClassNotFoundException': java/lang/ObjectCustomizer> (0x00000000dd67b208) thrown at [C:\re\workspace\8-2-build-windows-amd64-cygwin\jdk8u161\10277\hotspot\src\share\vm\classfile\systemDictionary.cpp, line 210]
Event: 7.392 Thread 0x0000000003122800 Exception <a 'java/lang/ClassNotFoundException': com/assigment/adminservice/Entity/RuanganCustomizer> (0x00000000dd6a78c0) thrown at [C:\re\workspace\8-2-build-windows-amd64-cygwin\jdk8u161\10277\hotspot\src\share\vm\classfile\systemDictionary.cpp, line 2
Event: 7.473 Thread 0x0000000003122800 Exception <a 'java/lang/reflect/InvocationTargetException'> (0x00000000ddf7b5b0) thrown at [C:\re\workspace\8-2-build-windows-amd64-cygwin\jdk8u161\10277\hotspot\src\share\vm\runtime\reflection.cpp, line 1092]
Event: 7.502 Thread 0x0000000003122800 Exception <a 'java/lang/IncompatibleClassChangeError': Found class java.lang.Object, but interface was expected> (0x00000000de0ceef0) thrown at [C:\re\workspace\8-2-build-windows-amd64-cygwin\jdk8u161\10277\hotspot\src\share\vm\interpreter\linkResolver.cp

Events (10 events):
Event: 7.517 loading class org/hibernate/query/criteria/internal/path/AbstractPathImpl done
Event: 7.517 loading class org/hibernate/query/criteria/internal/expression/ExpressionImpl
Event: 7.517 loading class org/hibernate/query/criteria/internal/expression/ExpressionImpl done
Event: 7.518 loading class org/hibernate/query/criteria/internal/expression/SelectionImpl
Event: 7.518 loading class org/hibernate/query/criteria/internal/expression/SelectionImpl done
Event: 7.518 loading class org/hibernate/query/criteria/internal/ParameterContainer
Event: 7.518 loading class org/hibernate/query/criteria/internal/ParameterContainer done
Event: 7.518 loading class org/hibernate/query/criteria/internal/expression/AbstractTupleElement
Event: 7.518 loading class org/hibernate/query/criteria/internal/expression/AbstractTupleElement done
Event: 7.519 Executing VM operation: CollectForMetadataAllocation


Dynamic libraries:
0x00007ff78a5b0000 - 0x00007ff78a5e7000 	C:\Program Files\Java\jdk1.8.0_161\jre\bin\java.exe
0x00007ff84a930000 - 0x00007ff84ab47000 	C:\WINDOWS\SYSTEM32\ntdll.dll
0x00007ff8487f0000 - 0x00007ff8488b4000 	C:\WINDOWS\System32\KERNEL32.DLL
0x00007ff8481e0000 - 0x00007ff848587000 	C:\WINDOWS\System32\KERNELBASE.dll
0x00007ff8496b0000 - 0x00007ff849762000 	C:\WINDOWS\System32\ADVAPI32.dll
0x00007ff848c30000 - 0x00007ff848cd7000 	C:\WINDOWS\System32\msvcrt.dll
0x00007ff849940000 - 0x00007ff8499e8000 	C:\WINDOWS\System32\sechost.dll
0x00007ff848590000 - 0x00007ff8485b8000 	C:\WINDOWS\System32\bcrypt.dll
0x00007ff849820000 - 0x00007ff849935000 	C:\WINDOWS\System32\RPCRT4.dll
0x00007ff848920000 - 0x00007ff848ace000 	C:\WINDOWS\System32\USER32.dll
0x00007ff848630000 - 0x00007ff848656000 	C:\WINDOWS\System32\win32u.dll
0x00007ff848660000 - 0x00007ff848689000 	C:\WINDOWS\System32\GDI32.dll
0x00007ff847dc0000 - 0x00007ff847ed9000 	C:\WINDOWS\System32\gdi32full.dll
0x00007ff848140000 - 0x00007ff8481da000 	C:\WINDOWS\System32\msvcp_win.dll
0x00007ff847fa0000 - 0x00007ff8480b1000 	C:\WINDOWS\System32\ucrtbase.dll
0x00007ff8308c0000 - 0x00007ff830b53000 	C:\WINDOWS\WinSxS\amd64_microsoft.windows.common-controls_6595b64144ccf1df_6.0.22621.3527_none_270e469b73872a76\COMCTL32.dll
0x00007ff848ea0000 - 0x00007ff848ed1000 	C:\WINDOWS\System32\IMM32.DLL
0x0000000071650000 - 0x0000000071722000 	C:\Program Files\Java\jdk1.8.0_161\jre\bin\msvcr100.dll
0x0000000070db0000 - 0x000000007164f000 	C:\Program Files\Java\jdk1.8.0_161\jre\bin\server\jvm.dll
0x00007ff848ce0000 - 0x00007ff848ce8000 	C:\WINDOWS\System32\PSAPI.DLL
0x00007ff827010000 - 0x00007ff827019000 	C:\WINDOWS\SYSTEM32\WSOCK32.dll
0x00007ff833750000 - 0x00007ff833784000 	C:\WINDOWS\SYSTEM32\WINMM.dll
0x00007ff83ec20000 - 0x00007ff83ec2a000 	C:\WINDOWS\SYSTEM32\VERSION.dll
0x00007ff848bb0000 - 0x00007ff848c21000 	C:\WINDOWS\System32\WS2_32.dll
0x0000000070da0000 - 0x0000000070daf000 	C:\Program Files\Java\jdk1.8.0_161\jre\bin\verify.dll
0x0000000070cd0000 - 0x0000000070cf9000 	C:\Program Files\Java\jdk1.8.0_161\jre\bin\java.dll
0x0000000070cb0000 - 0x0000000070cc6000 	C:\Program Files\Java\jdk1.8.0_161\jre\bin\zip.dll
0x00007ff849b70000 - 0x00007ff84a3cc000 	C:\WINDOWS\System32\SHELL32.dll
0x00007ff845ba0000 - 0x00007ff846496000 	C:\WINDOWS\SYSTEM32\windows.storage.dll
0x00007ff848ee0000 - 0x00007ff849268000 	C:\WINDOWS\System32\combase.dll
0x00007ff845a60000 - 0x00007ff845b9e000 	C:\WINDOWS\SYSTEM32\wintypes.dll
0x00007ff8493e0000 - 0x00007ff8494d5000 	C:\WINDOWS\System32\SHCORE.dll
0x00007ff8488c0000 - 0x00007ff84891e000 	C:\WINDOWS\System32\shlwapi.dll
0x00007ff847b80000 - 0x00007ff847ba1000 	C:\WINDOWS\SYSTEM32\profapi.dll
0x0000000070bf0000 - 0x0000000070bfd000 	C:\Program Files\Java\jdk1.8.0_161\jre\bin\management.dll
0x0000000070c90000 - 0x0000000070caa000 	C:\Program Files\Java\jdk1.8.0_161\jre\bin\net.dll
0x00007ff8471d0000 - 0x00007ff847239000 	C:\WINDOWS\system32\mswsock.dll
0x0000000070c70000 - 0x0000000070c81000 	C:\Program Files\Java\jdk1.8.0_161\jre\bin\nio.dll
0x00007ff846770000 - 0x00007ff84679d000 	C:\WINDOWS\SYSTEM32\IPHLPAPI.DLL
0x00007ff8494e0000 - 0x00007ff8494e9000 	C:\WINDOWS\System32\NSI.dll
0x00007ff841810000 - 0x00007ff841829000 	C:\WINDOWS\SYSTEM32\dhcpcsvc6.DLL
0x00007ff841620000 - 0x00007ff84163f000 	C:\WINDOWS\SYSTEM32\dhcpcsvc.DLL
0x00007ff8467e0000 - 0x00007ff8468d8000 	C:\WINDOWS\SYSTEM32\DNSAPI.dll
0x00007ff840a00000 - 0x00007ff840a0a000 	C:\Windows\System32\rasadhlp.dll
0x00007ff840a10000 - 0x00007ff840a93000 	C:\WINDOWS\System32\fwpuclnt.dll
0x00007ff808b20000 - 0x00007ff808b37000 	C:\WINDOWS\system32\napinsp.dll
0x00007ff808b00000 - 0x00007ff808b1b000 	C:\WINDOWS\system32\pnrpnsp.dll
0x00007ff808ae0000 - 0x00007ff808af1000 	C:\WINDOWS\System32\winrnr.dll
0x00007ff840dd0000 - 0x00007ff840de5000 	C:\WINDOWS\system32\wshbth.dll
0x00007ff808410000 - 0x00007ff808437000 	C:\WINDOWS\system32\nlansp_c.dll
0x00007ff847430000 - 0x00007ff84744b000 	C:\WINDOWS\SYSTEM32\CRYPTSP.dll
0x00007ff846cc0000 - 0x00007ff846cf5000 	C:\WINDOWS\system32\rsaenh.dll
0x00007ff8472d0000 - 0x00007ff8472f8000 	C:\WINDOWS\SYSTEM32\USERENV.dll
0x00007ff8480c0000 - 0x00007ff848139000 	C:\WINDOWS\System32\bcryptprimitives.dll
0x00007ff847450000 - 0x00007ff84745c000 	C:\WINDOWS\SYSTEM32\CRYPTBASE.dll

VM Arguments:
java_command: C:\Users\USER\AppData\Local\Temp\surefire550867602390661923\surefirebooter4956510980430478558.jar C:\Users\USER\AppData\Local\Temp\surefire550867602390661923 2024-05-24T02-33-22_943-jvmRun1 surefire8427179822676813740tmp surefire_07353497509317802735tmp
java_class_path (initial): C:\Users\USER\AppData\Local\Temp\surefire550867602390661923\surefirebooter4956510980430478558.jar
Launcher Type: SUN_STANDARD

Environment Variables:
JAVA_HOME=C:\Program Files\Java\jdk1.8.0_161
CLASSPATH=.;C:\javalib\gson.jar;C:\mysql-driver-new.jar;
PATH=D:\Tools\WINDOWS.X64_193000_db_home\bin;C:\ProgramData\Oracle\Java\javapath;C:\Windows\system32;C:\Windows;C:\Windows\System32\Wbem;C:\Windows\System32\WindowsPowerShell\v1.0\;C:\Windows\System32\OpenSSH\;C:\Program Files (x86)\NVIDIA Corporation\PhysX\Common;C:\Program Files\NVIDIA Corporation\NVIDIA NvDLISR;C:\Program Files\nodejs\;C:\Program Files\Java\jdk1.8.0_161\bin;D:\Tools\apache-maven-3.6.3\bin;C:\WINDOWS\system32;C:\WINDOWS;C:\WINDOWS\System32\Wbem;C:\WINDOWS\System32\WindowsPowerShell\v1.0\;C:\WINDOWS\System32\OpenSSH\;C:\Program Files\TortoiseGit\bin;C:\Program Files\Git\cmd;C:\Program Files\TortoiseSVN\bin;C:\Program Files\PuTTY\;C:\Users\USER\AppData\Local\Programs\Python\Python311\Scripts\;C:\Users\USER\AppData\Local\Programs\Python\Python311\;C:\composer;C:\Users\USER\AppData\Local\Programs\Python\Python311\Scripts\;C:\Users\USER\AppData\Local\Programs\Python\Python311\;C:\Users\USER\AppData\Local\Microsoft\WindowsApps;C:\Users\USER\AppData\Local\Programs\Microsoft VS Code\bin;C:\Users\USER\AppData\Roaming\npm;C:\xampp\php;C:\Users\USER\AppData\Local\ComposerSetup\bin;C:\Users\USER\AppData\Roaming\Composer\vendor\bin;C:\Program Files\JetBrains\IntelliJ IDEA 2021.3.3\bin;;C:\Program Files\Java\jdk1.8.0_161\bin;;D:\Tools\IntelliJ IDEA Community Edition 2023.1.4\bin;
USERNAME=simonhtjl
OS=Windows_NT
PROCESSOR_IDENTIFIER=Intel64 Family 6 Model 158 Stepping 10, GenuineIntel



---------------  S Y S T E M  ---------------

OS: Windows 10.0 , 64 bit Build 22621 (10.0.22621.3527)

CPU:total 12 (initial active 12) (6 cores per cpu, 2 threads per core) family 6 model 158 stepping 10, cmov, cx8, fxsr, mmx, sse, sse2, sse3, ssse3, sse4.1, sse4.2, popcnt, avx, avx2, aes, clmul, erms, 3dnowpref, lzcnt, ht, tsc, tscinvbit, bmi1, bmi2, adx

Memory: 4k page, physical 8230852k(367836k free), swap 20932332k(4212k free)

vm_info: Java HotSpot(TM) 64-Bit Server VM (25.161-b12) for windows-amd64 JRE (1.8.0_161-b12), built on Dec 19 2017 17:52:25 by "java_re" with MS VC++ 10.0 (VS2010)

time: Fri May 24 02:33:31 2024
elapsed time: 7 seconds (0d 0h 0m 7s)

